<?xml version="1.0" encoding="UTF-8"?>
<!-- Generated by org.testng.reporters.JUnitXMLReporter -->
<testsuite ignored="0" hostname="DESKTOP-8QP023I" failures="0" tests="5" name="centro" time="51.673" errors="0" timestamp="2021-05-03T22:41:00 IST">
  <testcase classname="com.qa.TestCases.TestCase1" name="SearchTest" time="13.486"/>
  <testcase classname="com.qa.TestCases.TestCase1" name="SearchTest" time="7.715"/>
  <testcase classname="com.qa.TestCases.TestCase1" name="SearchTest" time="5.496"/>
  <testcase classname="com.qa.TestCases.TestCase1" name="SearchTest" time="4.767"/>
  <testcase classname="com.qa.TestCases.TestCase1" name="SearchTest" time="4.42"/>
</testsuite> <!-- centro -->
