<?xml version="1.0" encoding="UTF-8"?>
<!-- Generated by org.testng.reporters.JUnitXMLReporter -->
<testsuite ignored="0" hostname="DESKTOP-8QP023I" failures="0" tests="5" name="croma" time="51.975" errors="0" timestamp="2021-05-03T22:36:32 IST">
  <testcase classname="com.qa.TestCases.TestCase1" name="SearchTest" time="8.569"/>
  <testcase classname="com.qa.TestCases.TestCase1" name="SearchTest" time="11.119"/>
  <testcase classname="com.qa.TestCases.TestCase1" name="SearchTest" time="8.017"/>
  <testcase classname="com.qa.TestCases.TestCase1" name="SearchTest" time="4.773"/>
  <testcase classname="com.qa.TestCases.TestCase1" name="SearchTest" time="4.468"/>
</testsuite> <!-- croma -->
