<?xml version="1.0" encoding="UTF-8"?>
<testsuite xmlns:xsi="http://www.w3.org/2001/XMLSchema-instance" xsi:noNamespaceSchemaLocation="https://maven.apache.org/surefire/maven-surefire-plugin/xsd/surefire-test-report.xsd" name="TestSuite" time="60.338" tests="5" errors="0" skipped="0" failures="1">
  <properties>
[...]
</properties>
  <testcase name="SearchTest" classname="com.qa.TestCases.TestCase1" time="13.702"/>
  <testcase name="SearchTest" classname="com.qa.TestCases.TestCase1" time="12.409">
    <failure message="stale element reference: element is not attached to the page document&#10;  (Session info: chrome=90.0.4430.93)&#10;  (Driver info: chromedriver=89.0.4389.23 (61b08ee2c50024bab004e48d2b1b083cdbdac579-refs/branch-heads/4389@{#294}),platform=Windows NT 10.0.19041 x86_64) (WARNING: The server did not provide any stacktrace information)&#10;Command duration or timeout: 207 milliseconds&#10;For documentation on this error, please visit: http://seleniumhq.org/exceptions/stale_element_reference.html&#10;Build info: version: &apos;2.47.1&apos;, revision: &apos;unknown&apos;, time: &apos;2015-07-30 11:02:44&apos;&#10;System info: host: &apos;DESKTOP-8QP023I&apos;, ip: &apos;192.168.0.96&apos;, os.name: &apos;Windows 10&apos;, os.arch: &apos;amd64&apos;, os.version: &apos;10.0&apos;, java.version: &apos;11.0.10&apos;&#10;Driver info: org.openqa.selenium.chrome.ChromeDriver&#10;Capabilities [{mobileEmulationEnabled=false, timeouts={implicit=0, pageLoad=300000, script=30000}, hasTouchScreen=false, platform=XP, acceptSslCerts=false, goog:chromeOptions={debuggerAddress=localhost:57459}, acceptInsecureCerts=false, webStorageEnabled=true, browserName=chrome, takesScreenshot=true, javascriptEnabled=true, setWindowRect=true, webauthn:extension:largeBlob=true, unexpectedAlertBehaviour=ignore, applicationCacheEnabled=false, rotatable=false, networkConnectionEnabled=false, chrome={chromedriverVersion=89.0.4389.23 (61b08ee2c50024bab004e48d2b1b083cdbdac579-refs/branch-heads/4389@{#294}), userDataDir=C:\Users\yamin\AppData\Local\Temp\scoped_dir17592_425800526}, takesHeapSnapshot=true, pageLoadStrategy=normal, strictFileInteractability=false, databaseEnabled=false, handlesAlerts=true, version=90.0.4430.93, browserConnectionEnabled=false, proxy={}, nativeEvents=true, locationContextEnabled=true, cssSelectorsEnabled=true, webauthn:virtualAuthenticators=true}]&#10;Session ID: 20be89876c32e51058acb2f85bd05a6f" type="org.openqa.selenium.StaleElementReferenceException">org.openqa.selenium.StaleElementReferenceException: 
stale element reference: element is not attached to the page document
  (Session info: chrome=90.0.4430.93)
  (Driver info: chromedriver=89.0.4389.23 (61b08ee2c50024bab004e48d2b1b083cdbdac579-refs/branch-heads/4389@{#294}),platform=Windows NT 10.0.19041 x86_64) (WARNING: The server did not provide any stacktrace information)
Command duration or timeout: 207 milliseconds
For documentation on this error, please visit: http://seleniumhq.org/exceptions/stale_element_reference.html
Build info: version: '2.47.1', revision: 'unknown', time: '2015-07-30 11:02:44'
System info: host: 'DESKTOP-8QP023I', ip: '192.168.0.96', os.name: 'Windows 10', os.arch: 'amd64', os.version: '10.0', java.version: '11.0.10'
Driver info: org.openqa.selenium.chrome.ChromeDriver
Capabilities [{mobileEmulationEnabled=false, timeouts={implicit=0, pageLoad=300000, script=30000}, hasTouchScreen=false, platform=XP, acceptSslCerts=false, goog:chromeOptions={debuggerAddress=localhost:57459}, acceptInsecureCerts=false, webStorageEnabled=true, browserName=chrome, takesScreenshot=true, javascriptEnabled=true, setWindowRect=true, webauthn:extension:largeBlob=true, unexpectedAlertBehaviour=ignore, applicationCacheEnabled=false, rotatable=false, networkConnectionEnabled=false, chrome={chromedriverVersion=89.0.4389.23 (61b08ee2c50024bab004e48d2b1b083cdbdac579-refs/branch-heads/4389@{#294}), userDataDir=C:\Users\yamin\AppData\Local\Temp\scoped_dir17592_425800526}, takesHeapSnapshot=true, pageLoadStrategy=normal, strictFileInteractability=false, databaseEnabled=false, handlesAlerts=true, version=90.0.4430.93, browserConnectionEnabled=false, proxy={}, nativeEvents=true, locationContextEnabled=true, cssSelectorsEnabled=true, webauthn:virtualAuthenticators=true}]
Session ID: 20be89876c32e51058acb2f85bd05a6f
	at com.qa.TestCases.TestCase1.SearchTest(TestCase1.java:42)
</failure>
    <system-out><![CDATA[[[[ChromeDriver: chrome on XP (20be89876c32e51058acb2f85bd05a6f)] -> xpath: //body/div[1]/div[1]/div[1]/main[1]/div[1]/div[3]/div[1]/div[2]/div[2]/div[1]/div[1]/ol[1]/li/div[1]], [[ChromeDriver: chrome on XP (20be89876c32e51058acb2f85bd05a6f)] -> xpath: //body/div[1]/div[1]/div[1]/main[1]/div[1]/div[3]/div[1]/div[2]/div[2]/div[1]/div[1]/ol[1]/li/div[1]], [[ChromeDriver: chrome on XP (20be89876c32e51058acb2f85bd05a6f)] -> xpath: //body/div[1]/div[1]/div[1]/main[1]/div[1]/div[3]/div[1]/div[2]/div[2]/div[1]/div[1]/ol[1]/li/div[1]], [[ChromeDriver: chrome on XP (20be89876c32e51058acb2f85bd05a6f)] -> xpath: //body/div[1]/div[1]/div[1]/main[1]/div[1]/div[3]/div[1]/div[2]/div[2]/div[1]/div[1]/ol[1]/li/div[1]], [[ChromeDriver: chrome on XP (20be89876c32e51058acb2f85bd05a6f)] -> xpath: //body/div[1]/div[1]/div[1]/main[1]/div[1]/div[3]/div[1]/div[2]/div[2]/div[1]/div[1]/ol[1]/li/div[1]], [[ChromeDriver: chrome on XP (20be89876c32e51058acb2f85bd05a6f)] -> xpath: //body/div[1]/div[1]/div[1]/main[1]/div[1]/div[3]/div[1]/div[2]/div[2]/div[1]/div[1]/ol[1]/li/div[1]], [[ChromeDriver: chrome on XP (20be89876c32e51058acb2f85bd05a6f)] -> xpath: //body/div[1]/div[1]/div[1]/main[1]/div[1]/div[3]/div[1]/div[2]/div[2]/div[1]/div[1]/ol[1]/li/div[1]], [[ChromeDriver: chrome on XP (20be89876c32e51058acb2f85bd05a6f)] -> xpath: //body/div[1]/div[1]/div[1]/main[1]/div[1]/div[3]/div[1]/div[2]/div[2]/div[1]/div[1]/ol[1]/li/div[1]], [[ChromeDriver: chrome on XP (20be89876c32e51058acb2f85bd05a6f)] -> xpath: //body/div[1]/div[1]/div[1]/main[1]/div[1]/div[3]/div[1]/div[2]/div[2]/div[1]/div[1]/ol[1]/li/div[1]], [[ChromeDriver: chrome on XP (20be89876c32e51058acb2f85bd05a6f)] -> xpath: //body/div[1]/div[1]/div[1]/main[1]/div[1]/div[3]/div[1]/div[2]/div[2]/div[1]/div[1]/ol[1]/li/div[1]], [[ChromeDriver: chrome on XP (20be89876c32e51058acb2f85bd05a6f)] -> xpath: //body/div[1]/div[1]/div[1]/main[1]/div[1]/div[3]/div[1]/div[2]/div[2]/div[1]/div[1]/ol[1]/li/div[1]], [[ChromeDriver: chrome on XP (20be89876c32e51058acb2f85bd05a6f)] -> xpath: //body/div[1]/div[1]/div[1]/main[1]/div[1]/div[3]/div[1]/div[2]/div[2]/div[1]/div[1]/ol[1]/li/div[1]], [[ChromeDriver: chrome on XP (20be89876c32e51058acb2f85bd05a6f)] -> xpath: //body/div[1]/div[1]/div[1]/main[1]/div[1]/div[3]/div[1]/div[2]/div[2]/div[1]/div[1]/ol[1]/li/div[1]], [[ChromeDriver: chrome on XP (20be89876c32e51058acb2f85bd05a6f)] -> xpath: //body/div[1]/div[1]/div[1]/main[1]/div[1]/div[3]/div[1]/div[2]/div[2]/div[1]/div[1]/ol[1]/li/div[1]], [[ChromeDriver: chrome on XP (20be89876c32e51058acb2f85bd05a6f)] -> xpath: //body/div[1]/div[1]/div[1]/main[1]/div[1]/div[3]/div[1]/div[2]/div[2]/div[1]/div[1]/ol[1]/li/div[1]], [[ChromeDriver: chrome on XP (20be89876c32e51058acb2f85bd05a6f)] -> xpath: //body/div[1]/div[1]/div[1]/main[1]/div[1]/div[3]/div[1]/div[2]/div[2]/div[1]/div[1]/ol[1]/li/div[1]], [[ChromeDriver: chrome on XP (20be89876c32e51058acb2f85bd05a6f)] -> xpath: //body/div[1]/div[1]/div[1]/main[1]/div[1]/div[3]/div[1]/div[2]/div[2]/div[1]/div[1]/ol[1]/li/div[1]], [[ChromeDriver: chrome on XP (20be89876c32e51058acb2f85bd05a6f)] -> xpath: //body/div[1]/div[1]/div[1]/main[1]/div[1]/div[3]/div[1]/div[2]/div[2]/div[1]/div[1]/ol[1]/li/div[1]], [[ChromeDriver: chrome on XP (20be89876c32e51058acb2f85bd05a6f)] -> xpath: //body/div[1]/div[1]/div[1]/main[1]/div[1]/div[3]/div[1]/div[2]/div[2]/div[1]/div[1]/ol[1]/li/div[1]], [[ChromeDriver: chrome on XP (20be89876c32e51058acb2f85bd05a6f)] -> xpath: //body/div[1]/div[1]/div[1]/main[1]/div[1]/div[3]/div[1]/div[2]/div[2]/div[1]/div[1]/ol[1]/li/div[1]], [[ChromeDriver: chrome on XP (20be89876c32e51058acb2f85bd05a6f)] -> xpath: //body/div[1]/div[1]/div[1]/main[1]/div[1]/div[3]/div[1]/div[2]/div[2]/div[1]/div[1]/ol[1]/li/div[1]], [[ChromeDriver: chrome on XP (20be89876c32e51058acb2f85bd05a6f)] -> xpath: //body/div[1]/div[1]/div[1]/main[1]/div[1]/div[3]/div[1]/div[2]/div[2]/div[1]/div[1]/ol[1]/li/div[1]], [[ChromeDriver: chrome on XP (20be89876c32e51058acb2f85bd05a6f)] -> xpath: //body/div[1]/div[1]/div[1]/main[1]/div[1]/div[3]/div[1]/div[2]/div[2]/div[1]/div[1]/ol[1]/li/div[1]], [[ChromeDriver: chrome on XP (20be89876c32e51058acb2f85bd05a6f)] -> xpath: //body/div[1]/div[1]/div[1]/main[1]/div[1]/div[3]/div[1]/div[2]/div[2]/div[1]/div[1]/ol[1]/li/div[1]]]
price of EGOSS MEN FORMAL SLIP ON : Rs. 2,795.00
]]></system-out>
  </testcase>
  <testcase name="SearchTest" classname="com.qa.TestCases.TestCase1" time="5.077"/>
  <testcase name="SearchTest" classname="com.qa.TestCases.TestCase1" time="3.782"/>
  <testcase name="SearchTest" classname="com.qa.TestCases.TestCase1" time="3.757"/>
</testsuite>