<?xml version="1.0" encoding="UTF-8"?>
<testng-results ignored="0" total="5" passed="4" failed="1" skipped="0">
  <reporter-output>
    <line>
      <![CDATA[price of BIRKENSTOCK MEN CASUAL SLIDES : Rs. 6,990.00]]>
    </line>
    <line>
      <![CDATA[price of BIRKENSTOCK WOMEN CASUAL SLIDES : Rs. 2,990.00]]>
    </line>
    <line>
      <![CDATA[price of BIRKENSTOCK MEN CASUAL SLIDES : Rs. 2,990.00]]>
    </line>
    <line>
      <![CDATA[price of BIRKENSTOCK WOMEN CASUAL SLIDES : Rs. 2,990.00]]>
    </line>
    <line>
      <![CDATA[price of BIRKENSTOCK MEN CASUAL SLIDES : Rs. 6,990.00]]>
    </line>
    <line>
      <![CDATA[price of PINKLEAF WOMEN CASUAL SLIDES : Rs. 1,049.00]]>
    </line>
    <line>
      <![CDATA[price of PINKLEAF WOMEN CASUAL SLIDES : Rs. 1,049.00]]>
    </line>
    <line>
      <![CDATA[price of LASCIA WOMEN CASUAL SLIDES : Rs. 799.00]]>
    </line>
    <line>
      <![CDATA[price of LASCIA WOMEN CASUAL SLIDES : Rs. 799.00]]>
    </line>
    <line>
      <![CDATA[price of DOUBLEU MEN CASUAL SLIDES : Rs. 1,599.00]]>
    </line>
    <line>
      <![CDATA[price of DOUBLEU MEN CASUAL SLIDES : Rs. 1,599.00]]>
    </line>
    <line>
      <![CDATA[price of DOUBLEU MEN CASUAL SLIDES : Rs. 1,599.00]]>
    </line>
    <line>
      <![CDATA[price of DOVER MEN CASUAL SLIDES : Rs. 499.00]]>
    </line>
    <line>
      <![CDATA[price of BIRKENSTOCK MEN CASUAL SLIDE : Rs. 2,990.00]]>
    </line>
    <line>
      <![CDATA[price of BIRKENSTOCK MEN CASUAL SLIDE : Rs. 2,990.00]]>
    </line>
    <line>
      <![CDATA[price of BIRKENSTOCK WOMEN CASUAL SLIDES : Rs. 2,990.00]]>
    </line>
    <line>
      <![CDATA[price of CROCS MEN CASUAL SLIDES : Rs. 1,995.00]]>
    </line>
    <line>
      <![CDATA[price of ZIPPERS MEN CASUAL SLIDES : Rs. 899.00]]>
    </line>
    <line>
      <![CDATA[price of ZIPPERS MEN CASUAL SLIDES : Rs. 899.00]]>
    </line>
    <line>
      <![CDATA[price of DOUBLEU MEN CASUAL SLIDES : Rs. 1,599.00]]>
    </line>
    <line>
      <![CDATA[price of DOVER MEN CASUAL SLIDES : Rs. 499.00]]>
    </line>
    <line>
      <![CDATA[price of BIRKENSTOCK MEN CASUAL SLIDE : Rs. 2,990.00]]>
    </line>
    <line>
      <![CDATA[price of BIRKENSTOCK WOMEN CASUAL SLIDES : Rs. 2,990.00]]>
    </line>
    <line>
      <![CDATA[price of ADIDAS MEN CASUAL SLIDE : Rs. 3,299.00]]>
    </line>
    <line>
      <![CDATA[price of EGOSS MEN FORMAL SLIP ON : Rs. 2,795.00]]>
    </line>
    <line>
      <![CDATA[price of EGOSS MEN FORMAL SLIP ON : Rs. 2,795.00]]>
    </line>
    <line>
      <![CDATA[price of EGOSS MEN FORMAL DERBY : Rs. 2,795.00]]>
    </line>
    <line>
      <![CDATA[price of EGOSS MEN FORMAL SLIP ON : Rs. 2,895.00]]>
    </line>
    <line>
      <![CDATA[price of NIKE MEN SPORTS LACE UP : Rs. 2,996.00]]>
    </line>
    <line>
      <![CDATA[price of TOOTHLESS GIRLS CASUAL CANVAS : Rs. 999.00]]>
    </line>
    <line>
      <![CDATA[price of TOOTHLESS BOYS CASUAL SPORTS SHOE : Rs. 999.00]]>
    </line>
    <line>
      <![CDATA[price of TOOTHLESS BOYS CASUAL CANVAS : Rs. 999.00]]>
    </line>
    <line>
      <![CDATA[price of TOOTHLESS BOYS CASUAL CANVAS : Rs. 999.00]]>
    </line>
    <line>
      <![CDATA[price of CATWALK WOMEN FORMAL WEDGE HEEL SHOES : Rs. 2,495.00]]>
    </line>
    <line>
      <![CDATA[price of CATWALK WOMEN CASUAL PLATFORM HEEL SHOES : Rs. 2,895.00]]>
    </line>
    <line>
      <![CDATA[price of SKECHERS MEN SPORTS SLIP ON : Rs. 5,699.00]]>
    </line>
    <line>
      <![CDATA[price of EGOSS MEN FORMAL OXFORD : Rs. 2,895.00]]>
    </line>
    <line>
      <![CDATA[price of PUMA MEN SPORTS SLIP ON : Rs. 2,999.00]]>
    </line>
    <line>
      <![CDATA[price of PUMA MEN SPORTS SLIP ON : Rs. 2,999.00]]>
    </line>
    <line>
      <![CDATA[price of PUMA MEN SPORTS LACE UP : Rs. 2,999.00]]>
    </line>
    <line>
      <![CDATA[price of PUMA MEN SPORTS LACE UP : Rs. 2,999.00]]>
    </line>
    <line>
      <![CDATA[price of PUMA MEN SPORTS LACE UP : Rs. 2,499.00]]>
    </line>
    <line>
      <![CDATA[price of SKECHERS MEN SPORTS SLIP ON : Rs. 5,299.00]]>
    </line>
    <line>
      <![CDATA[price of PIERRE CARDIN MEN CASUAL SLIP ON : Rs. 3,299.00]]>
    </line>
    <line>
      <![CDATA[price of PIERRE CARDIN MEN CASUAL SLIP ON : Rs. 3,299.00]]>
    </line>
    <line>
      <![CDATA[price of PIERRE CARDIN MEN CASUAL SLIP ON : Rs. 2,999.00]]>
    </line>
    <line>
      <![CDATA[price of PIERRE CARDIN MEN CASUAL SLIP ON : Rs. 2,999.00]]>
    </line>
    <line>
      <![CDATA[price of PIERRE CARDIN MEN CASUAL SLIP ON : Rs. 2,999.00]]>
    </line>
    <line>
      <![CDATA[price of PIERRE CARDIN MEN FORMAL DERBY : Rs. 3,299.00]]>
    </line>
    <line>
      <![CDATA[price of EGOSS MEN FORMAL SLIP ON : Rs. 2,795.00]]>
    </line>
    <line>
      <![CDATA[price of EGOSS MEN FORMAL DERBY : Rs. 2,795.00]]>
    </line>
    <line>
      <![CDATA[price of EGOSS MEN FORMAL SLIP ON : Rs. 2,895.00]]>
    </line>
    <line>
      <![CDATA[price of NIKE MEN SPORTS LACE UP : Rs. 2,996.00]]>
    </line>
    <line>
      <![CDATA[price of TOOTHLESS GIRLS CASUAL CANVAS : Rs. 999.00]]>
    </line>
    <line>
      <![CDATA[price of TOOTHLESS BOYS CASUAL SPORTS SHOE : Rs. 999.00]]>
    </line>
    <line>
      <![CDATA[price of TOOTHLESS BOYS CASUAL CANVAS : Rs. 999.00]]>
    </line>
    <line>
      <![CDATA[price of TOOTHLESS BOYS CASUAL CANVAS : Rs. 999.00]]>
    </line>
    <line>
      <![CDATA[price of CATWALK WOMEN FORMAL WEDGE HEEL SHOES : Rs. 2,495.00]]>
    </line>
    <line>
      <![CDATA[price of CATWALK WOMEN CASUAL PLATFORM HEEL SHOES : Rs. 2,895.00]]>
    </line>
    <line>
      <![CDATA[price of SKECHERS MEN SPORTS SLIP ON : Rs. 5,699.00]]>
    </line>
    <line>
      <![CDATA[price of EGOSS MEN FORMAL OXFORD : Rs. 2,895.00]]>
    </line>
    <line>
      <![CDATA[price of PUMA MEN SPORTS SLIP ON : Rs. 2,999.00]]>
    </line>
    <line>
      <![CDATA[price of PUMA MEN SPORTS SLIP ON : Rs. 2,999.00]]>
    </line>
    <line>
      <![CDATA[price of PUMA MEN SPORTS LACE UP : Rs. 2,999.00]]>
    </line>
    <line>
      <![CDATA[price of PUMA MEN SPORTS LACE UP : Rs. 2,999.00]]>
    </line>
    <line>
      <![CDATA[price of PUMA MEN SPORTS LACE UP : Rs. 2,499.00]]>
    </line>
    <line>
      <![CDATA[price of SKECHERS MEN SPORTS SLIP ON : Rs. 5,299.00]]>
    </line>
    <line>
      <![CDATA[price of PIERRE CARDIN MEN CASUAL SLIP ON : Rs. 3,299.00]]>
    </line>
    <line>
      <![CDATA[price of PIERRE CARDIN MEN CASUAL SLIP ON : Rs. 3,299.00]]>
    </line>
    <line>
      <![CDATA[price of PIERRE CARDIN MEN CASUAL SLIP ON : Rs. 2,999.00]]>
    </line>
    <line>
      <![CDATA[price of PIERRE CARDIN MEN CASUAL SLIP ON : Rs. 2,999.00]]>
    </line>
    <line>
      <![CDATA[price of PIERRE CARDIN MEN CASUAL SLIP ON : Rs. 2,999.00]]>
    </line>
    <line>
      <![CDATA[price of PIERRE CARDIN MEN FORMAL DERBY : Rs. 3,299.00]]>
    </line>
    <line>
      <![CDATA[price of EGOSS MEN FORMAL SLIP ON : Rs. 2,795.00]]>
    </line>
    <line>
      <![CDATA[price of EGOSS MEN FORMAL DERBY : Rs. 2,795.00]]>
    </line>
    <line>
      <![CDATA[price of EGOSS MEN FORMAL SLIP ON : Rs. 2,895.00]]>
    </line>
    <line>
      <![CDATA[price of NIKE MEN SPORTS LACE UP : Rs. 2,996.00]]>
    </line>
    <line>
      <![CDATA[price of TOOTHLESS GIRLS CASUAL CANVAS : Rs. 999.00]]>
    </line>
    <line>
      <![CDATA[price of TOOTHLESS BOYS CASUAL SPORTS SHOE : Rs. 999.00]]>
    </line>
    <line>
      <![CDATA[price of TOOTHLESS BOYS CASUAL CANVAS : Rs. 999.00]]>
    </line>
    <line>
      <![CDATA[price of TOOTHLESS BOYS CASUAL CANVAS : Rs. 999.00]]>
    </line>
    <line>
      <![CDATA[price of CATWALK WOMEN FORMAL WEDGE HEEL SHOES : Rs. 2,495.00]]>
    </line>
    <line>
      <![CDATA[price of CATWALK WOMEN CASUAL PLATFORM HEEL SHOES : Rs. 2,895.00]]>
    </line>
    <line>
      <![CDATA[price of SKECHERS MEN SPORTS SLIP ON : Rs. 5,699.00]]>
    </line>
    <line>
      <![CDATA[price of EGOSS MEN FORMAL OXFORD : Rs. 2,895.00]]>
    </line>
    <line>
      <![CDATA[price of PUMA MEN SPORTS SLIP ON : Rs. 2,999.00]]>
    </line>
    <line>
      <![CDATA[price of PUMA MEN SPORTS SLIP ON : Rs. 2,999.00]]>
    </line>
    <line>
      <![CDATA[price of PUMA MEN SPORTS LACE UP : Rs. 2,999.00]]>
    </line>
    <line>
      <![CDATA[price of PUMA MEN SPORTS LACE UP : Rs. 2,999.00]]>
    </line>
    <line>
      <![CDATA[price of PUMA MEN SPORTS LACE UP : Rs. 2,499.00]]>
    </line>
    <line>
      <![CDATA[price of SKECHERS MEN SPORTS SLIP ON : Rs. 5,299.00]]>
    </line>
    <line>
      <![CDATA[price of PIERRE CARDIN MEN CASUAL SLIP ON : Rs. 3,299.00]]>
    </line>
    <line>
      <![CDATA[price of PIERRE CARDIN MEN CASUAL SLIP ON : Rs. 3,299.00]]>
    </line>
    <line>
      <![CDATA[price of PIERRE CARDIN MEN CASUAL SLIP ON : Rs. 2,999.00]]>
    </line>
    <line>
      <![CDATA[price of PIERRE CARDIN MEN CASUAL SLIP ON : Rs. 2,999.00]]>
    </line>
    <line>
      <![CDATA[price of PIERRE CARDIN MEN CASUAL SLIP ON : Rs. 2,999.00]]>
    </line>
    <line>
      <![CDATA[price of PIERRE CARDIN MEN FORMAL DERBY : Rs. 3,299.00]]>
    </line>
  </reporter-output>
  <suite started-at="2021-05-03T18:18:35Z" name="Suite" finished-at="2021-05-03T18:19:31Z" duration-ms="56164">
    <groups>
    </groups>
    <test started-at="2021-05-03T18:18:35Z" name="centro" finished-at="2021-05-03T18:19:31Z" duration-ms="56164">
      <class name="com.qa.TestCases.TestCase1">
        <test-method is-config="true" signature="Setup(java.lang.String, java.lang.String)[pri:0, instance:com.qa.TestCases.TestCase1@8576fa0]" started-at="2021-05-03T18:18:35Z" name="Setup" finished-at="2021-05-03T18:18:46Z" duration-ms="10479" status="PASS">
          <params>
            <param index="0">
              <value>
                <![CDATA[chrome]]>
              </value>
            </param>
            <param index="1">
              <value>
                <![CDATA[https://centro.style]]>
              </value>
            </param>
          </params>
          <reporter-output>
          </reporter-output>
        </test-method> <!-- Setup -->
        <test-method signature="SearchTest(java.lang.String)[pri:0, instance:com.qa.TestCases.TestCase1@8576fa0]" started-at="2021-05-03T18:18:48Z" name="SearchTest" data-provider="getData" finished-at="2021-05-03T18:19:02Z" duration-ms="13700" status="PASS">
          <params>
            <param index="0">
              <value>
                <![CDATA[slides]]>
              </value>
            </param>
          </params>
          <reporter-output>
            <line>
              <![CDATA[price of BIRKENSTOCK MEN CASUAL SLIDES : Rs. 6,990.00]]>
            </line>
            <line>
              <![CDATA[price of BIRKENSTOCK WOMEN CASUAL SLIDES : Rs. 2,990.00]]>
            </line>
            <line>
              <![CDATA[price of BIRKENSTOCK MEN CASUAL SLIDES : Rs. 2,990.00]]>
            </line>
            <line>
              <![CDATA[price of BIRKENSTOCK WOMEN CASUAL SLIDES : Rs. 2,990.00]]>
            </line>
            <line>
              <![CDATA[price of BIRKENSTOCK MEN CASUAL SLIDES : Rs. 6,990.00]]>
            </line>
            <line>
              <![CDATA[price of PINKLEAF WOMEN CASUAL SLIDES : Rs. 1,049.00]]>
            </line>
            <line>
              <![CDATA[price of PINKLEAF WOMEN CASUAL SLIDES : Rs. 1,049.00]]>
            </line>
            <line>
              <![CDATA[price of LASCIA WOMEN CASUAL SLIDES : Rs. 799.00]]>
            </line>
            <line>
              <![CDATA[price of LASCIA WOMEN CASUAL SLIDES : Rs. 799.00]]>
            </line>
            <line>
              <![CDATA[price of DOUBLEU MEN CASUAL SLIDES : Rs. 1,599.00]]>
            </line>
            <line>
              <![CDATA[price of DOUBLEU MEN CASUAL SLIDES : Rs. 1,599.00]]>
            </line>
            <line>
              <![CDATA[price of DOUBLEU MEN CASUAL SLIDES : Rs. 1,599.00]]>
            </line>
            <line>
              <![CDATA[price of DOVER MEN CASUAL SLIDES : Rs. 499.00]]>
            </line>
            <line>
              <![CDATA[price of BIRKENSTOCK MEN CASUAL SLIDE : Rs. 2,990.00]]>
            </line>
            <line>
              <![CDATA[price of BIRKENSTOCK MEN CASUAL SLIDE : Rs. 2,990.00]]>
            </line>
            <line>
              <![CDATA[price of BIRKENSTOCK WOMEN CASUAL SLIDES : Rs. 2,990.00]]>
            </line>
            <line>
              <![CDATA[price of CROCS MEN CASUAL SLIDES : Rs. 1,995.00]]>
            </line>
            <line>
              <![CDATA[price of ZIPPERS MEN CASUAL SLIDES : Rs. 899.00]]>
            </line>
            <line>
              <![CDATA[price of ZIPPERS MEN CASUAL SLIDES : Rs. 899.00]]>
            </line>
            <line>
              <![CDATA[price of DOUBLEU MEN CASUAL SLIDES : Rs. 1,599.00]]>
            </line>
            <line>
              <![CDATA[price of DOVER MEN CASUAL SLIDES : Rs. 499.00]]>
            </line>
            <line>
              <![CDATA[price of BIRKENSTOCK MEN CASUAL SLIDE : Rs. 2,990.00]]>
            </line>
            <line>
              <![CDATA[price of BIRKENSTOCK WOMEN CASUAL SLIDES : Rs. 2,990.00]]>
            </line>
            <line>
              <![CDATA[price of ADIDAS MEN CASUAL SLIDE : Rs. 3,299.00]]>
            </line>
          </reporter-output>
        </test-method> <!-- SearchTest -->
        <test-method signature="SearchTest(java.lang.String)[pri:0, instance:com.qa.TestCases.TestCase1@8576fa0]" started-at="2021-05-03T18:19:02Z" name="SearchTest" data-provider="getData" finished-at="2021-05-03T18:19:14Z" duration-ms="12400" status="FAIL">
          <params>
            <param index="0">
              <value>
                <![CDATA[shoes]]>
              </value>
            </param>
          </params>
          <exception class="org.openqa.selenium.StaleElementReferenceException">
            <message>
              <![CDATA[stale element reference: element is not attached to the page document
  (Session info: chrome=90.0.4430.93)
  (Driver info: chromedriver=89.0.4389.23 (61b08ee2c50024bab004e48d2b1b083cdbdac579-refs/branch-heads/4389@{#294}),platform=Windows NT 10.0.19041 x86_64) (WARNING: The server did not provide any stacktrace information)
Command duration or timeout: 207 milliseconds
For documentation on this error, please visit: http://seleniumhq.org/exceptions/stale_element_reference.html
Build info: version: '2.47.1', revision: 'unknown', time: '2015-07-30 11:02:44'
System info: host: 'DESKTOP-8QP023I', ip: '192.168.0.96', os.name: 'Windows 10', os.arch: 'amd64', os.version: '10.0', java.version: '11.0.10'
Driver info: org.openqa.selenium.chrome.ChromeDriver
Capabilities [{mobileEmulationEnabled=false, timeouts={implicit=0, pageLoad=300000, script=30000}, hasTouchScreen=false, platform=XP, acceptSslCerts=false, goog:chromeOptions={debuggerAddress=localhost:57459}, acceptInsecureCerts=false, webStorageEnabled=true, browserName=chrome, takesScreenshot=true, javascriptEnabled=true, setWindowRect=true, webauthn:extension:largeBlob=true, unexpectedAlertBehaviour=ignore, applicationCacheEnabled=false, rotatable=false, networkConnectionEnabled=false, chrome={chromedriverVersion=89.0.4389.23 (61b08ee2c50024bab004e48d2b1b083cdbdac579-refs/branch-heads/4389@{#294}), userDataDir=C:\Users\yamin\AppData\Local\Temp\scoped_dir17592_425800526}, takesHeapSnapshot=true, pageLoadStrategy=normal, strictFileInteractability=false, databaseEnabled=false, handlesAlerts=true, version=90.0.4430.93, browserConnectionEnabled=false, proxy={}, nativeEvents=true, locationContextEnabled=true, cssSelectorsEnabled=true, webauthn:virtualAuthenticators=true}]
Session ID: 20be89876c32e51058acb2f85bd05a6f]]>
            </message>
            <full-stacktrace>
              <![CDATA[org.openqa.selenium.StaleElementReferenceException: stale element reference: element is not attached to the page document
  (Session info: chrome=90.0.4430.93)
  (Driver info: chromedriver=89.0.4389.23 (61b08ee2c50024bab004e48d2b1b083cdbdac579-refs/branch-heads/4389@{#294}),platform=Windows NT 10.0.19041 x86_64) (WARNING: The server did not provide any stacktrace information)
Command duration or timeout: 207 milliseconds
For documentation on this error, please visit: http://seleniumhq.org/exceptions/stale_element_reference.html
Build info: version: '2.47.1', revision: 'unknown', time: '2015-07-30 11:02:44'
System info: host: 'DESKTOP-8QP023I', ip: '192.168.0.96', os.name: 'Windows 10', os.arch: 'amd64', os.version: '10.0', java.version: '11.0.10'
Driver info: org.openqa.selenium.chrome.ChromeDriver
Capabilities [{mobileEmulationEnabled=false, timeouts={implicit=0, pageLoad=300000, script=30000}, hasTouchScreen=false, platform=XP, acceptSslCerts=false, goog:chromeOptions={debuggerAddress=localhost:57459}, acceptInsecureCerts=false, webStorageEnabled=true, browserName=chrome, takesScreenshot=true, javascriptEnabled=true, setWindowRect=true, webauthn:extension:largeBlob=true, unexpectedAlertBehaviour=ignore, applicationCacheEnabled=false, rotatable=false, networkConnectionEnabled=false, chrome={chromedriverVersion=89.0.4389.23 (61b08ee2c50024bab004e48d2b1b083cdbdac579-refs/branch-heads/4389@{#294}), userDataDir=C:\Users\yamin\AppData\Local\Temp\scoped_dir17592_425800526}, takesHeapSnapshot=true, pageLoadStrategy=normal, strictFileInteractability=false, databaseEnabled=false, handlesAlerts=true, version=90.0.4430.93, browserConnectionEnabled=false, proxy={}, nativeEvents=true, locationContextEnabled=true, cssSelectorsEnabled=true, webauthn:virtualAuthenticators=true}]
Session ID: 20be89876c32e51058acb2f85bd05a6f
at java.base/jdk.internal.reflect.NativeConstructorAccessorImpl.newInstance0(Native Method)
at java.base/jdk.internal.reflect.NativeConstructorAccessorImpl.newInstance(NativeConstructorAccessorImpl.java:62)
at java.base/jdk.internal.reflect.DelegatingConstructorAccessorImpl.newInstance(DelegatingConstructorAccessorImpl.java:45)
at java.base/java.lang.reflect.Constructor.newInstance(Constructor.java:490)
at org.openqa.selenium.remote.ErrorHandler.createThrowable(ErrorHandler.java:206)
at org.openqa.selenium.remote.ErrorHandler.throwIfResponseFailed(ErrorHandler.java:158)
at org.openqa.selenium.remote.RemoteWebDriver.execute(RemoteWebDriver.java:595)
at org.openqa.selenium.remote.RemoteWebElement.execute(RemoteWebElement.java:273)
at org.openqa.selenium.remote.RemoteWebElement.getText(RemoteWebElement.java:157)
at com.qa.TestCases.TestCase1.SearchTest(TestCase1.java:42)
at java.base/jdk.internal.reflect.NativeMethodAccessorImpl.invoke0(Native Method)
at java.base/jdk.internal.reflect.NativeMethodAccessorImpl.invoke(NativeMethodAccessorImpl.java:62)
at java.base/jdk.internal.reflect.DelegatingMethodAccessorImpl.invoke(DelegatingMethodAccessorImpl.java:43)
at java.base/java.lang.reflect.Method.invoke(Method.java:566)
at org.testng.internal.MethodInvocationHelper.invokeMethod(MethodInvocationHelper.java:124)
at org.testng.internal.Invoker.invokeMethod(Invoker.java:583)
at org.testng.internal.Invoker.invokeTestMethod(Invoker.java:719)
at org.testng.internal.Invoker.invokeTestMethods(Invoker.java:989)
at org.testng.internal.TestMethodWorker.invokeTestMethods(TestMethodWorker.java:125)
at org.testng.internal.TestMethodWorker.run(TestMethodWorker.java:109)
at org.testng.TestRunner.privateRun(TestRunner.java:648)
at org.testng.TestRunner.run(TestRunner.java:505)
at org.testng.SuiteRunner.runTest(SuiteRunner.java:455)
at org.testng.SuiteRunner.runSequentially(SuiteRunner.java:450)
at org.testng.SuiteRunner.privateRun(SuiteRunner.java:415)
at org.testng.SuiteRunner.run(SuiteRunner.java:364)
at org.testng.SuiteRunnerWorker.runSuite(SuiteRunnerWorker.java:52)
at org.testng.SuiteRunnerWorker.run(SuiteRunnerWorker.java:84)
at org.testng.TestNG.runSuitesSequentially(TestNG.java:1208)
at org.testng.TestNG.runSuitesLocally(TestNG.java:1137)
at org.testng.TestNG.runSuites(TestNG.java:1049)
at org.testng.TestNG.run(TestNG.java:1017)
at org.apache.maven.surefire.testng.TestNGExecutor.run(TestNGExecutor.java:283)
at org.apache.maven.surefire.testng.TestNGXmlTestSuite.execute(TestNGXmlTestSuite.java:75)
at org.apache.maven.surefire.testng.TestNGProvider.invoke(TestNGProvider.java:120)
at org.apache.maven.surefire.booter.ForkedBooter.invokeProviderInSameClassLoader(ForkedBooter.java:384)
at org.apache.maven.surefire.booter.ForkedBooter.runSuitesInProcess(ForkedBooter.java:345)
at org.apache.maven.surefire.booter.ForkedBooter.execute(ForkedBooter.java:126)
at org.apache.maven.surefire.booter.ForkedBooter.main(ForkedBooter.java:418)
]]>
            </full-stacktrace>
          </exception> <!-- org.openqa.selenium.StaleElementReferenceException -->
          <reporter-output>
            <line>
              <![CDATA[price of EGOSS MEN FORMAL SLIP ON : Rs. 2,795.00]]>
            </line>
          </reporter-output>
        </test-method> <!-- SearchTest -->
        <test-method signature="SearchTest(java.lang.String)[pri:0, instance:com.qa.TestCases.TestCase1@8576fa0]" started-at="2021-05-03T18:19:14Z" name="SearchTest" data-provider="getData" finished-at="2021-05-03T18:19:19Z" duration-ms="5069" status="PASS">
          <params>
            <param index="0">
              <value>
                <![CDATA[flats]]>
              </value>
            </param>
          </params>
          <reporter-output>
            <line>
              <![CDATA[price of EGOSS MEN FORMAL SLIP ON : Rs. 2,795.00]]>
            </line>
            <line>
              <![CDATA[price of EGOSS MEN FORMAL DERBY : Rs. 2,795.00]]>
            </line>
            <line>
              <![CDATA[price of EGOSS MEN FORMAL SLIP ON : Rs. 2,895.00]]>
            </line>
            <line>
              <![CDATA[price of NIKE MEN SPORTS LACE UP : Rs. 2,996.00]]>
            </line>
            <line>
              <![CDATA[price of TOOTHLESS GIRLS CASUAL CANVAS : Rs. 999.00]]>
            </line>
            <line>
              <![CDATA[price of TOOTHLESS BOYS CASUAL SPORTS SHOE : Rs. 999.00]]>
            </line>
            <line>
              <![CDATA[price of TOOTHLESS BOYS CASUAL CANVAS : Rs. 999.00]]>
            </line>
            <line>
              <![CDATA[price of TOOTHLESS BOYS CASUAL CANVAS : Rs. 999.00]]>
            </line>
            <line>
              <![CDATA[price of CATWALK WOMEN FORMAL WEDGE HEEL SHOES : Rs. 2,495.00]]>
            </line>
            <line>
              <![CDATA[price of CATWALK WOMEN CASUAL PLATFORM HEEL SHOES : Rs. 2,895.00]]>
            </line>
            <line>
              <![CDATA[price of SKECHERS MEN SPORTS SLIP ON : Rs. 5,699.00]]>
            </line>
            <line>
              <![CDATA[price of EGOSS MEN FORMAL OXFORD : Rs. 2,895.00]]>
            </line>
            <line>
              <![CDATA[price of PUMA MEN SPORTS SLIP ON : Rs. 2,999.00]]>
            </line>
            <line>
              <![CDATA[price of PUMA MEN SPORTS SLIP ON : Rs. 2,999.00]]>
            </line>
            <line>
              <![CDATA[price of PUMA MEN SPORTS LACE UP : Rs. 2,999.00]]>
            </line>
            <line>
              <![CDATA[price of PUMA MEN SPORTS LACE UP : Rs. 2,999.00]]>
            </line>
            <line>
              <![CDATA[price of PUMA MEN SPORTS LACE UP : Rs. 2,499.00]]>
            </line>
            <line>
              <![CDATA[price of SKECHERS MEN SPORTS SLIP ON : Rs. 5,299.00]]>
            </line>
            <line>
              <![CDATA[price of PIERRE CARDIN MEN CASUAL SLIP ON : Rs. 3,299.00]]>
            </line>
            <line>
              <![CDATA[price of PIERRE CARDIN MEN CASUAL SLIP ON : Rs. 3,299.00]]>
            </line>
            <line>
              <![CDATA[price of PIERRE CARDIN MEN CASUAL SLIP ON : Rs. 2,999.00]]>
            </line>
            <line>
              <![CDATA[price of PIERRE CARDIN MEN CASUAL SLIP ON : Rs. 2,999.00]]>
            </line>
            <line>
              <![CDATA[price of PIERRE CARDIN MEN CASUAL SLIP ON : Rs. 2,999.00]]>
            </line>
            <line>
              <![CDATA[price of PIERRE CARDIN MEN FORMAL DERBY : Rs. 3,299.00]]>
            </line>
          </reporter-output>
        </test-method> <!-- SearchTest -->
        <test-method signature="SearchTest(java.lang.String)[pri:0, instance:com.qa.TestCases.TestCase1@8576fa0]" started-at="2021-05-03T18:19:19Z" name="SearchTest" data-provider="getData" finished-at="2021-05-03T18:19:23Z" duration-ms="3786" status="PASS">
          <params>
            <param index="0">
              <value>
                <![CDATA[snacks]]>
              </value>
            </param>
          </params>
          <reporter-output>
            <line>
              <![CDATA[price of EGOSS MEN FORMAL SLIP ON : Rs. 2,795.00]]>
            </line>
            <line>
              <![CDATA[price of EGOSS MEN FORMAL DERBY : Rs. 2,795.00]]>
            </line>
            <line>
              <![CDATA[price of EGOSS MEN FORMAL SLIP ON : Rs. 2,895.00]]>
            </line>
            <line>
              <![CDATA[price of NIKE MEN SPORTS LACE UP : Rs. 2,996.00]]>
            </line>
            <line>
              <![CDATA[price of TOOTHLESS GIRLS CASUAL CANVAS : Rs. 999.00]]>
            </line>
            <line>
              <![CDATA[price of TOOTHLESS BOYS CASUAL SPORTS SHOE : Rs. 999.00]]>
            </line>
            <line>
              <![CDATA[price of TOOTHLESS BOYS CASUAL CANVAS : Rs. 999.00]]>
            </line>
            <line>
              <![CDATA[price of TOOTHLESS BOYS CASUAL CANVAS : Rs. 999.00]]>
            </line>
            <line>
              <![CDATA[price of CATWALK WOMEN FORMAL WEDGE HEEL SHOES : Rs. 2,495.00]]>
            </line>
            <line>
              <![CDATA[price of CATWALK WOMEN CASUAL PLATFORM HEEL SHOES : Rs. 2,895.00]]>
            </line>
            <line>
              <![CDATA[price of SKECHERS MEN SPORTS SLIP ON : Rs. 5,699.00]]>
            </line>
            <line>
              <![CDATA[price of EGOSS MEN FORMAL OXFORD : Rs. 2,895.00]]>
            </line>
            <line>
              <![CDATA[price of PUMA MEN SPORTS SLIP ON : Rs. 2,999.00]]>
            </line>
            <line>
              <![CDATA[price of PUMA MEN SPORTS SLIP ON : Rs. 2,999.00]]>
            </line>
            <line>
              <![CDATA[price of PUMA MEN SPORTS LACE UP : Rs. 2,999.00]]>
            </line>
            <line>
              <![CDATA[price of PUMA MEN SPORTS LACE UP : Rs. 2,999.00]]>
            </line>
            <line>
              <![CDATA[price of PUMA MEN SPORTS LACE UP : Rs. 2,499.00]]>
            </line>
            <line>
              <![CDATA[price of SKECHERS MEN SPORTS SLIP ON : Rs. 5,299.00]]>
            </line>
            <line>
              <![CDATA[price of PIERRE CARDIN MEN CASUAL SLIP ON : Rs. 3,299.00]]>
            </line>
            <line>
              <![CDATA[price of PIERRE CARDIN MEN CASUAL SLIP ON : Rs. 3,299.00]]>
            </line>
            <line>
              <![CDATA[price of PIERRE CARDIN MEN CASUAL SLIP ON : Rs. 2,999.00]]>
            </line>
            <line>
              <![CDATA[price of PIERRE CARDIN MEN CASUAL SLIP ON : Rs. 2,999.00]]>
            </line>
            <line>
              <![CDATA[price of PIERRE CARDIN MEN CASUAL SLIP ON : Rs. 2,999.00]]>
            </line>
            <line>
              <![CDATA[price of PIERRE CARDIN MEN FORMAL DERBY : Rs. 3,299.00]]>
            </line>
          </reporter-output>
        </test-method> <!-- SearchTest -->
        <test-method signature="SearchTest(java.lang.String)[pri:0, instance:com.qa.TestCases.TestCase1@8576fa0]" started-at="2021-05-03T18:19:23Z" name="SearchTest" data-provider="getData" finished-at="2021-05-03T18:19:27Z" duration-ms="3752" status="PASS">
          <params>
            <param index="0">
              <value>
                <![CDATA[food]]>
              </value>
            </param>
          </params>
          <reporter-output>
            <line>
              <![CDATA[price of EGOSS MEN FORMAL SLIP ON : Rs. 2,795.00]]>
            </line>
            <line>
              <![CDATA[price of EGOSS MEN FORMAL DERBY : Rs. 2,795.00]]>
            </line>
            <line>
              <![CDATA[price of EGOSS MEN FORMAL SLIP ON : Rs. 2,895.00]]>
            </line>
            <line>
              <![CDATA[price of NIKE MEN SPORTS LACE UP : Rs. 2,996.00]]>
            </line>
            <line>
              <![CDATA[price of TOOTHLESS GIRLS CASUAL CANVAS : Rs. 999.00]]>
            </line>
            <line>
              <![CDATA[price of TOOTHLESS BOYS CASUAL SPORTS SHOE : Rs. 999.00]]>
            </line>
            <line>
              <![CDATA[price of TOOTHLESS BOYS CASUAL CANVAS : Rs. 999.00]]>
            </line>
            <line>
              <![CDATA[price of TOOTHLESS BOYS CASUAL CANVAS : Rs. 999.00]]>
            </line>
            <line>
              <![CDATA[price of CATWALK WOMEN FORMAL WEDGE HEEL SHOES : Rs. 2,495.00]]>
            </line>
            <line>
              <![CDATA[price of CATWALK WOMEN CASUAL PLATFORM HEEL SHOES : Rs. 2,895.00]]>
            </line>
            <line>
              <![CDATA[price of SKECHERS MEN SPORTS SLIP ON : Rs. 5,699.00]]>
            </line>
            <line>
              <![CDATA[price of EGOSS MEN FORMAL OXFORD : Rs. 2,895.00]]>
            </line>
            <line>
              <![CDATA[price of PUMA MEN SPORTS SLIP ON : Rs. 2,999.00]]>
            </line>
            <line>
              <![CDATA[price of PUMA MEN SPORTS SLIP ON : Rs. 2,999.00]]>
            </line>
            <line>
              <![CDATA[price of PUMA MEN SPORTS LACE UP : Rs. 2,999.00]]>
            </line>
            <line>
              <![CDATA[price of PUMA MEN SPORTS LACE UP : Rs. 2,999.00]]>
            </line>
            <line>
              <![CDATA[price of PUMA MEN SPORTS LACE UP : Rs. 2,499.00]]>
            </line>
            <line>
              <![CDATA[price of SKECHERS MEN SPORTS SLIP ON : Rs. 5,299.00]]>
            </line>
            <line>
              <![CDATA[price of PIERRE CARDIN MEN CASUAL SLIP ON : Rs. 3,299.00]]>
            </line>
            <line>
              <![CDATA[price of PIERRE CARDIN MEN CASUAL SLIP ON : Rs. 3,299.00]]>
            </line>
            <line>
              <![CDATA[price of PIERRE CARDIN MEN CASUAL SLIP ON : Rs. 2,999.00]]>
            </line>
            <line>
              <![CDATA[price of PIERRE CARDIN MEN CASUAL SLIP ON : Rs. 2,999.00]]>
            </line>
            <line>
              <![CDATA[price of PIERRE CARDIN MEN CASUAL SLIP ON : Rs. 2,999.00]]>
            </line>
            <line>
              <![CDATA[price of PIERRE CARDIN MEN FORMAL DERBY : Rs. 3,299.00]]>
            </line>
          </reporter-output>
        </test-method> <!-- SearchTest -->
        <test-method is-config="true" signature="TearDown()[pri:0, instance:com.qa.TestCases.TestCase1@8576fa0]" started-at="2021-05-03T18:19:27Z" name="TearDown" finished-at="2021-05-03T18:19:31Z" duration-ms="4176" status="PASS">
          <reporter-output>
          </reporter-output>
        </test-method> <!-- TearDown -->
      </class> <!-- com.qa.TestCases.TestCase1 -->
    </test> <!-- centro -->
  </suite> <!-- Suite -->
</testng-results>
