<?xml version="1.0" encoding="UTF-8"?>
<testng-results ignored="0" total="5" passed="5" failed="0" skipped="0">
  <reporter-output>
    <line>
      <![CDATA[price of BIRKENSTOCK MEN CASUAL SLIDES : Rs. 6,990.00]]>
    </line>
    <line>
      <![CDATA[price of BIRKENSTOCK WOMEN CASUAL SLIDES : Rs. 2,990.00]]>
    </line>
    <line>
      <![CDATA[price of BIRKENSTOCK MEN CASUAL SLIDES : Rs. 2,990.00]]>
    </line>
    <line>
      <![CDATA[price of BIRKENSTOCK WOMEN CASUAL SLIDES : Rs. 2,990.00]]>
    </line>
    <line>
      <![CDATA[price of BIRKENSTOCK MEN CASUAL SLIDES : Rs. 6,990.00]]>
    </line>
    <line>
      <![CDATA[price of PINKLEAF WOMEN CASUAL SLIDES : Rs. 1,049.00]]>
    </line>
    <line>
      <![CDATA[price of PINKLEAF WOMEN CASUAL SLIDES : Rs. 1,049.00]]>
    </line>
    <line>
      <![CDATA[price of LASCIA WOMEN CASUAL SLIDES : Rs. 799.00]]>
    </line>
    <line>
      <![CDATA[price of LASCIA WOMEN CASUAL SLIDES : Rs. 799.00]]>
    </line>
    <line>
      <![CDATA[price of DOUBLEU MEN CASUAL SLIDES : Rs. 1,599.00]]>
    </line>
    <line>
      <![CDATA[price of DOUBLEU MEN CASUAL SLIDES : Rs. 1,599.00]]>
    </line>
    <line>
      <![CDATA[price of DOUBLEU MEN CASUAL SLIDES : Rs. 1,599.00]]>
    </line>
    <line>
      <![CDATA[price of DOVER MEN CASUAL SLIDES : Rs. 499.00]]>
    </line>
    <line>
      <![CDATA[price of BIRKENSTOCK MEN CASUAL SLIDE : Rs. 2,990.00]]>
    </line>
    <line>
      <![CDATA[price of BIRKENSTOCK MEN CASUAL SLIDE : Rs. 2,990.00]]>
    </line>
    <line>
      <![CDATA[price of BIRKENSTOCK WOMEN CASUAL SLIDES : Rs. 2,990.00]]>
    </line>
    <line>
      <![CDATA[price of CROCS MEN CASUAL SLIDES : Rs. 1,995.00]]>
    </line>
    <line>
      <![CDATA[price of ZIPPERS MEN CASUAL SLIDES : Rs. 899.00]]>
    </line>
    <line>
      <![CDATA[price of ZIPPERS MEN CASUAL SLIDES : Rs. 899.00]]>
    </line>
    <line>
      <![CDATA[price of DOUBLEU MEN CASUAL SLIDES : Rs. 1,599.00]]>
    </line>
    <line>
      <![CDATA[price of DOVER MEN CASUAL SLIDES : Rs. 499.00]]>
    </line>
    <line>
      <![CDATA[price of BIRKENSTOCK MEN CASUAL SLIDE : Rs. 2,990.00]]>
    </line>
    <line>
      <![CDATA[price of BIRKENSTOCK WOMEN CASUAL SLIDES : Rs. 2,990.00]]>
    </line>
    <line>
      <![CDATA[price of ADIDAS MEN CASUAL SLIDE : Rs. 3,299.00]]>
    </line>
    <line>
      <![CDATA[price of EGOSS MEN FORMAL SLIP ON : Rs. 2,795.00]]>
    </line>
    <line>
      <![CDATA[price of EGOSS MEN FORMAL DERBY : Rs. 2,795.00]]>
    </line>
    <line>
      <![CDATA[price of EGOSS MEN FORMAL SLIP ON : Rs. 2,895.00]]>
    </line>
    <line>
      <![CDATA[price of NIKE MEN SPORTS LACE UP : Rs. 2,996.00]]>
    </line>
    <line>
      <![CDATA[price of TOOTHLESS GIRLS CASUAL CANVAS : Rs. 999.00]]>
    </line>
    <line>
      <![CDATA[price of TOOTHLESS BOYS CASUAL SPORTS SHOE : Rs. 999.00]]>
    </line>
    <line>
      <![CDATA[price of TOOTHLESS BOYS CASUAL CANVAS : Rs. 999.00]]>
    </line>
    <line>
      <![CDATA[price of TOOTHLESS BOYS CASUAL CANVAS : Rs. 999.00]]>
    </line>
    <line>
      <![CDATA[price of CATWALK WOMEN FORMAL WEDGE HEEL SHOES : Rs. 2,495.00]]>
    </line>
    <line>
      <![CDATA[price of CATWALK WOMEN CASUAL PLATFORM HEEL SHOES : Rs. 2,895.00]]>
    </line>
    <line>
      <![CDATA[price of SKECHERS MEN SPORTS SLIP ON : Rs. 5,699.00]]>
    </line>
    <line>
      <![CDATA[price of EGOSS MEN FORMAL OXFORD : Rs. 2,895.00]]>
    </line>
    <line>
      <![CDATA[price of PUMA MEN SPORTS SLIP ON : Rs. 2,999.00]]>
    </line>
    <line>
      <![CDATA[price of PUMA MEN SPORTS SLIP ON : Rs. 2,999.00]]>
    </line>
    <line>
      <![CDATA[price of PUMA MEN SPORTS LACE UP : Rs. 2,999.00]]>
    </line>
    <line>
      <![CDATA[price of PUMA MEN SPORTS LACE UP : Rs. 2,999.00]]>
    </line>
    <line>
      <![CDATA[price of PUMA MEN SPORTS LACE UP : Rs. 2,499.00]]>
    </line>
    <line>
      <![CDATA[price of SKECHERS MEN SPORTS SLIP ON : Rs. 5,299.00]]>
    </line>
    <line>
      <![CDATA[price of PIERRE CARDIN MEN CASUAL SLIP ON : Rs. 3,299.00]]>
    </line>
    <line>
      <![CDATA[price of PIERRE CARDIN MEN CASUAL SLIP ON : Rs. 3,299.00]]>
    </line>
    <line>
      <![CDATA[price of PIERRE CARDIN MEN CASUAL SLIP ON : Rs. 2,999.00]]>
    </line>
    <line>
      <![CDATA[price of PIERRE CARDIN MEN CASUAL SLIP ON : Rs. 2,999.00]]>
    </line>
    <line>
      <![CDATA[price of PIERRE CARDIN MEN CASUAL SLIP ON : Rs. 2,999.00]]>
    </line>
    <line>
      <![CDATA[price of PIERRE CARDIN MEN FORMAL DERBY : Rs. 3,299.00]]>
    </line>
    <line>
      <![CDATA[price of INC5 WOMEN CASUAL FLAT LOAFERS : Rs. 1,990.00]]>
    </line>
    <line>
      <![CDATA[price of ROCIA WOMEN CASUAL FLAT SANDALS : Rs. 1,890.00]]>
    </line>
    <line>
      <![CDATA[price of ROCIA WOMEN CASUAL FLAT SANDALS : Rs. 1,890.00]]>
    </line>
    <line>
      <![CDATA[price of ROCIA WOMEN CASUAL FLAT SANDALS : Rs. 1,390.00]]>
    </line>
    <line>
      <![CDATA[price of CATWALK WOMEN CASUAL FLAT BALLERINAS : Rs. 1,995.00]]>
    </line>
    <line>
      <![CDATA[price of INC5 WOMEN PARTY WEAR FLAT CHAPPALS : Rs. 1,790.00]]>
    </line>
    <line>
      <![CDATA[No Item Found]]>
    </line>
    <line>
      <![CDATA[No Item Found]]>
    </line>
  </reporter-output>
  <suite started-at="2021-05-03T22:40:09 IST" name="Suite" finished-at="2021-05-03T22:41:00 IST" duration-ms="51673">
    <groups>
    </groups>
    <test started-at="2021-05-03T22:40:09 IST" name="centro" finished-at="2021-05-03T22:41:00 IST" duration-ms="51673">
      <class name="com.qa.TestCases.TestCase1">
        <test-method is-config="true" signature="Setup(java.lang.String, java.lang.String)[pri:0, instance:com.qa.TestCases.TestCase1@78e4deb0]" started-at="2021-05-03T22:40:09 IST" name="Setup" finished-at="2021-05-03T22:40:18 IST" duration-ms="9147" status="PASS">
          <params>
            <param index="0">
              <value>
                <![CDATA[chrome]]>
              </value>
            </param>
            <param index="1">
              <value>
                <![CDATA[https://centro.style]]>
              </value>
            </param>
          </params>
          <reporter-output>
          </reporter-output>
        </test-method> <!-- Setup -->
        <test-method signature="SearchTest(java.lang.String)[pri:0, instance:com.qa.TestCases.TestCase1@78e4deb0]" started-at="2021-05-03T22:40:20 IST" name="SearchTest" data-provider="getData" finished-at="2021-05-03T22:40:34 IST" duration-ms="13486" status="PASS">
          <params>
            <param index="0">
              <value>
                <![CDATA[slides]]>
              </value>
            </param>
          </params>
          <reporter-output>
            <line>
              <![CDATA[price of BIRKENSTOCK MEN CASUAL SLIDES : Rs. 6,990.00]]>
            </line>
            <line>
              <![CDATA[price of BIRKENSTOCK WOMEN CASUAL SLIDES : Rs. 2,990.00]]>
            </line>
            <line>
              <![CDATA[price of BIRKENSTOCK MEN CASUAL SLIDES : Rs. 2,990.00]]>
            </line>
            <line>
              <![CDATA[price of BIRKENSTOCK WOMEN CASUAL SLIDES : Rs. 2,990.00]]>
            </line>
            <line>
              <![CDATA[price of BIRKENSTOCK MEN CASUAL SLIDES : Rs. 6,990.00]]>
            </line>
            <line>
              <![CDATA[price of PINKLEAF WOMEN CASUAL SLIDES : Rs. 1,049.00]]>
            </line>
            <line>
              <![CDATA[price of PINKLEAF WOMEN CASUAL SLIDES : Rs. 1,049.00]]>
            </line>
            <line>
              <![CDATA[price of LASCIA WOMEN CASUAL SLIDES : Rs. 799.00]]>
            </line>
            <line>
              <![CDATA[price of LASCIA WOMEN CASUAL SLIDES : Rs. 799.00]]>
            </line>
            <line>
              <![CDATA[price of DOUBLEU MEN CASUAL SLIDES : Rs. 1,599.00]]>
            </line>
            <line>
              <![CDATA[price of DOUBLEU MEN CASUAL SLIDES : Rs. 1,599.00]]>
            </line>
            <line>
              <![CDATA[price of DOUBLEU MEN CASUAL SLIDES : Rs. 1,599.00]]>
            </line>
            <line>
              <![CDATA[price of DOVER MEN CASUAL SLIDES : Rs. 499.00]]>
            </line>
            <line>
              <![CDATA[price of BIRKENSTOCK MEN CASUAL SLIDE : Rs. 2,990.00]]>
            </line>
            <line>
              <![CDATA[price of BIRKENSTOCK MEN CASUAL SLIDE : Rs. 2,990.00]]>
            </line>
            <line>
              <![CDATA[price of BIRKENSTOCK WOMEN CASUAL SLIDES : Rs. 2,990.00]]>
            </line>
            <line>
              <![CDATA[price of CROCS MEN CASUAL SLIDES : Rs. 1,995.00]]>
            </line>
            <line>
              <![CDATA[price of ZIPPERS MEN CASUAL SLIDES : Rs. 899.00]]>
            </line>
            <line>
              <![CDATA[price of ZIPPERS MEN CASUAL SLIDES : Rs. 899.00]]>
            </line>
            <line>
              <![CDATA[price of DOUBLEU MEN CASUAL SLIDES : Rs. 1,599.00]]>
            </line>
            <line>
              <![CDATA[price of DOVER MEN CASUAL SLIDES : Rs. 499.00]]>
            </line>
            <line>
              <![CDATA[price of BIRKENSTOCK MEN CASUAL SLIDE : Rs. 2,990.00]]>
            </line>
            <line>
              <![CDATA[price of BIRKENSTOCK WOMEN CASUAL SLIDES : Rs. 2,990.00]]>
            </line>
            <line>
              <![CDATA[price of ADIDAS MEN CASUAL SLIDE : Rs. 3,299.00]]>
            </line>
          </reporter-output>
        </test-method> <!-- SearchTest -->
        <test-method signature="SearchTest(java.lang.String)[pri:0, instance:com.qa.TestCases.TestCase1@78e4deb0]" started-at="2021-05-03T22:40:34 IST" name="SearchTest" data-provider="getData" finished-at="2021-05-03T22:40:41 IST" duration-ms="7715" status="PASS">
          <params>
            <param index="0">
              <value>
                <![CDATA[shoes]]>
              </value>
            </param>
          </params>
          <reporter-output>
            <line>
              <![CDATA[price of EGOSS MEN FORMAL SLIP ON : Rs. 2,795.00]]>
            </line>
            <line>
              <![CDATA[price of EGOSS MEN FORMAL DERBY : Rs. 2,795.00]]>
            </line>
            <line>
              <![CDATA[price of EGOSS MEN FORMAL SLIP ON : Rs. 2,895.00]]>
            </line>
            <line>
              <![CDATA[price of NIKE MEN SPORTS LACE UP : Rs. 2,996.00]]>
            </line>
            <line>
              <![CDATA[price of TOOTHLESS GIRLS CASUAL CANVAS : Rs. 999.00]]>
            </line>
            <line>
              <![CDATA[price of TOOTHLESS BOYS CASUAL SPORTS SHOE : Rs. 999.00]]>
            </line>
            <line>
              <![CDATA[price of TOOTHLESS BOYS CASUAL CANVAS : Rs. 999.00]]>
            </line>
            <line>
              <![CDATA[price of TOOTHLESS BOYS CASUAL CANVAS : Rs. 999.00]]>
            </line>
            <line>
              <![CDATA[price of CATWALK WOMEN FORMAL WEDGE HEEL SHOES : Rs. 2,495.00]]>
            </line>
            <line>
              <![CDATA[price of CATWALK WOMEN CASUAL PLATFORM HEEL SHOES : Rs. 2,895.00]]>
            </line>
            <line>
              <![CDATA[price of SKECHERS MEN SPORTS SLIP ON : Rs. 5,699.00]]>
            </line>
            <line>
              <![CDATA[price of EGOSS MEN FORMAL OXFORD : Rs. 2,895.00]]>
            </line>
            <line>
              <![CDATA[price of PUMA MEN SPORTS SLIP ON : Rs. 2,999.00]]>
            </line>
            <line>
              <![CDATA[price of PUMA MEN SPORTS SLIP ON : Rs. 2,999.00]]>
            </line>
            <line>
              <![CDATA[price of PUMA MEN SPORTS LACE UP : Rs. 2,999.00]]>
            </line>
            <line>
              <![CDATA[price of PUMA MEN SPORTS LACE UP : Rs. 2,999.00]]>
            </line>
            <line>
              <![CDATA[price of PUMA MEN SPORTS LACE UP : Rs. 2,499.00]]>
            </line>
            <line>
              <![CDATA[price of SKECHERS MEN SPORTS SLIP ON : Rs. 5,299.00]]>
            </line>
            <line>
              <![CDATA[price of PIERRE CARDIN MEN CASUAL SLIP ON : Rs. 3,299.00]]>
            </line>
            <line>
              <![CDATA[price of PIERRE CARDIN MEN CASUAL SLIP ON : Rs. 3,299.00]]>
            </line>
            <line>
              <![CDATA[price of PIERRE CARDIN MEN CASUAL SLIP ON : Rs. 2,999.00]]>
            </line>
            <line>
              <![CDATA[price of PIERRE CARDIN MEN CASUAL SLIP ON : Rs. 2,999.00]]>
            </line>
            <line>
              <![CDATA[price of PIERRE CARDIN MEN CASUAL SLIP ON : Rs. 2,999.00]]>
            </line>
            <line>
              <![CDATA[price of PIERRE CARDIN MEN FORMAL DERBY : Rs. 3,299.00]]>
            </line>
          </reporter-output>
        </test-method> <!-- SearchTest -->
        <test-method signature="SearchTest(java.lang.String)[pri:0, instance:com.qa.TestCases.TestCase1@78e4deb0]" started-at="2021-05-03T22:40:41 IST" name="SearchTest" data-provider="getData" finished-at="2021-05-03T22:40:47 IST" duration-ms="5496" status="PASS">
          <params>
            <param index="0">
              <value>
                <![CDATA[flats]]>
              </value>
            </param>
          </params>
          <reporter-output>
            <line>
              <![CDATA[price of INC5 WOMEN CASUAL FLAT LOAFERS : Rs. 1,990.00]]>
            </line>
            <line>
              <![CDATA[price of ROCIA WOMEN CASUAL FLAT SANDALS : Rs. 1,890.00]]>
            </line>
            <line>
              <![CDATA[price of ROCIA WOMEN CASUAL FLAT SANDALS : Rs. 1,890.00]]>
            </line>
            <line>
              <![CDATA[price of ROCIA WOMEN CASUAL FLAT SANDALS : Rs. 1,390.00]]>
            </line>
            <line>
              <![CDATA[price of CATWALK WOMEN CASUAL FLAT BALLERINAS : Rs. 1,995.00]]>
            </line>
            <line>
              <![CDATA[price of INC5 WOMEN PARTY WEAR FLAT CHAPPALS : Rs. 1,790.00]]>
            </line>
          </reporter-output>
        </test-method> <!-- SearchTest -->
        <test-method signature="SearchTest(java.lang.String)[pri:0, instance:com.qa.TestCases.TestCase1@78e4deb0]" started-at="2021-05-03T22:40:47 IST" name="SearchTest" data-provider="getData" finished-at="2021-05-03T22:40:52 IST" duration-ms="4767" status="PASS">
          <params>
            <param index="0">
              <value>
                <![CDATA[snacks]]>
              </value>
            </param>
          </params>
          <reporter-output>
            <line>
              <![CDATA[No Item Found]]>
            </line>
          </reporter-output>
        </test-method> <!-- SearchTest -->
        <test-method signature="SearchTest(java.lang.String)[pri:0, instance:com.qa.TestCases.TestCase1@78e4deb0]" started-at="2021-05-03T22:40:52 IST" name="SearchTest" data-provider="getData" finished-at="2021-05-03T22:40:56 IST" duration-ms="4420" status="PASS">
          <params>
            <param index="0">
              <value>
                <![CDATA[food]]>
              </value>
            </param>
          </params>
          <reporter-output>
            <line>
              <![CDATA[No Item Found]]>
            </line>
          </reporter-output>
        </test-method> <!-- SearchTest -->
        <test-method is-config="true" signature="TearDown()[pri:0, instance:com.qa.TestCases.TestCase1@78e4deb0]" started-at="2021-05-03T22:40:56 IST" name="TearDown" finished-at="2021-05-03T22:41:00 IST" duration-ms="4167" status="PASS">
          <reporter-output>
          </reporter-output>
        </test-method> <!-- TearDown -->
      </class> <!-- com.qa.TestCases.TestCase1 -->
    </test> <!-- centro -->
  </suite> <!-- Suite -->
</testng-results>
